# JRE version: Java(TM) SE Runtime Environment (8.0_211-b12) (build 1.8.0_211-b12)
# Java VM: Java HotSpot(TM) 64-Bit Server VM (25.211-b12 mixed mode windows-amd64 compressed oops)
Heap:
 PSYoungGen      total 284672K, used 29634K [0x00000000eb600000, 0x0000000100000000, 0x0000000100000000)
  eden space 229888K, 12% used [0x00000000eb600000,0x00000000ed2f0a78,0x00000000f9680000)
  from space 54784K, 0% used [0x00000000fca80000,0x00000000fca80000,0x0000000100000000)
  to   space 53248K, 0% used [0x00000000f9680000,0x00000000f9680000,0x00000000fca80000)
 ParOldGen       total 160768K, used 103592K [0x00000000c2200000, 0x00000000cbf00000, 0x00000000eb600000)
  object space 160768K, 64% used [0x00000000c2200000,0x00000000c872a1a8,0x00000000cbf00000)
 Metaspace       used 91362K, capacity 93178K, committed 94336K, reserved 1132544K
  class space    used 10818K, capacity 11160K, committed 11392K, reserved 1048576K
GC Heap History (10 events):
Event: 665.915 GC heap before
{Heap before GC invocations=35 (full 4):
 PSYoungGen      total 292352K, used 272980K [0x00000000eb600000, 0x0000000100000000, 0x0000000100000000)
  eden space 246784K, 100% used [0x00000000eb600000,0x00000000fa700000,0x00000000fa700000)
  from space 45568K, 57% used [0x00000000fd380000,0x00000000fed15230,0x0000000100000000)
  to   space 45568K, 0% used [0x00000000fa700000,0x00000000fa700000,0x00000000fd380000)
 ParOldGen       total 160768K, used 109433K [0x00000000c2200000, 0x00000000cbf00000, 0x00000000eb600000)
  object space 160768K, 68% used [0x00000000c2200000,0x00000000c8cde4d8,0x00000000cbf00000)
 Metaspace       used 90600K, capacity 92682K, committed 92928K, reserved 1130496K
  class space    used 10863K, capacity 11253K, committed 11264K, reserved 1048576K
Event: 666.383 GC heap after
Heap after GC invocations=35 (full 4):
 PSYoungGen      total 286720K, used 39531K [0x00000000eb600000, 0x0000000100000000, 0x0000000100000000)
  eden space 246784K, 0% used [0x00000000eb600000,0x00000000eb600000,0x00000000fa700000)
  from space 39936K, 98% used [0x00000000fa700000,0x00000000fcd9ae10,0x00000000fce00000)
  to   space 50176K, 0% used [0x00000000fcf00000,0x00000000fcf00000,0x0000000100000000)
 ParOldGen       total 160768K, used 109441K [0x00000000c2200000, 0x00000000cbf00000, 0x00000000eb600000)
  object space 160768K, 68% used [0x00000000c2200000,0x00000000c8ce04d8,0x00000000cbf00000)
 Metaspace       used 90600K, capacity 92682K, committed 92928K, reserved 1130496K
  class space    used 10863K, capacity 11253K, committed 11264K, reserved 1048576K
}
Event: 726.708 GC heap before
{Heap before GC invocations=36 (full 4):
 PSYoungGen      total 286720K, used 286315K [0x00000000eb600000, 0x0000000100000000, 0x0000000100000000)
  eden space 246784K, 100% used [0x00000000eb600000,0x00000000fa700000,0x00000000fa700000)
  from space 39936K, 98% used [0x00000000fa700000,0x00000000fcd9ae10,0x00000000fce00000)
  to   space 50176K, 0% used [0x00000000fcf00000,0x00000000fcf00000,0x0000000100000000)
 ParOldGen       total 160768K, used 109441K [0x00000000c2200000, 0x00000000cbf00000, 0x00000000eb600000)
  object space 160768K, 68% used [0x00000000c2200000,0x00000000c8ce04d8,0x00000000cbf00000)
 Metaspace       used 91268K, capacity 93440K, committed 93696K, reserved 1132544K
  class space    used 10869K, capacity 11262K, committed 11264K, reserved 1048576K
Event: 727.167 GC heap after
Heap after GC invocations=36 (full 4):
 PSYoungGen      total 281600K, used 39092K [0x00000000eb600000, 0x0000000100000000, 0x0000000100000000)
  eden space 231424K, 0% used [0x00000000eb600000,0x00000000eb600000,0x00000000f9800000)
  from space 50176K, 77% used [0x00000000fcf00000,0x00000000ff52d1a0,0x0000000100000000)
  to   space 53248K, 0% used [0x00000000f9800000,0x00000000f9800000,0x00000000fcc00000)
 ParOldGen       total 160768K, used 109449K [0x00000000c2200000, 0x00000000cbf00000, 0x00000000eb600000)
  object space 160768K, 68% used [0x00000000c2200000,0x00000000c8ce24d8,0x00000000cbf00000)
 Metaspace       used 91268K, capacity 93440K, committed 93696K, reserved 1132544K
  class space    used 10869K, capacity 11262K, committed 11264K, reserved 1048576K
}
Event: 816.328 GC heap before
{Heap before GC invocations=37 (full 4):
 PSYoungGen      total 281600K, used 270516K [0x00000000eb600000, 0x0000000100000000, 0x0000000100000000)
  eden space 231424K, 100% used [0x00000000eb600000,0x00000000f9800000,0x00000000f9800000)
  from space 50176K, 77% used [0x00000000fcf00000,0x00000000ff52d1a0,0x0000000100000000)
  to   space 53248K, 0% used [0x00000000f9800000,0x00000000f9800000,0x00000000fcc00000)
 ParOldGen       total 160768K, used 109449K [0x00000000c2200000, 0x00000000cbf00000, 0x00000000eb600000)
  object space 160768K, 68% used [0x00000000c2200000,0x00000000c8ce24d8,0x00000000cbf00000)
 Metaspace       used 91804K, capacity 94014K, committed 94336K, reserved 1132544K
  class space    used 10899K, capacity 11299K, committed 11392K, reserved 1048576K
Event: 816.955 GC heap after
Heap after GC invocations=37 (full 4):
 PSYoungGen      total 268288K, used 36393K [0x00000000eb600000, 0x0000000100000000, 0x0000000100000000)
  eden space 231424K, 0% used [0x00000000eb600000,0x00000000eb600000,0x00000000f9800000)
  from space 36864K, 98% used [0x00000000f9800000,0x00000000fbb8a790,0x00000000fbc00000)
  to   space 54784K, 0% used [0x00000000fca80000,0x00000000fca80000,0x0000000100000000)
 ParOldGen       total 160768K, used 109457K [0x00000000c2200000, 0x00000000cbf00000, 0x00000000eb600000)
  object space 160768K, 68% used [0x00000000c2200000,0x00000000c8ce44d8,0x00000000cbf00000)
 Metaspace       used 91804K, capacity 94014K, committed 94336K, reserved 1132544K
  class space    used 10899K, capacity 11299K, committed 11392K, reserved 1048576K
}
Event: 1010.073 GC heap before
{Heap before GC invocations=38 (full 4):
 PSYoungGen      total 268288K, used 267817K [0x00000000eb600000, 0x0000000100000000, 0x0000000100000000)
  eden space 231424K, 100% used [0x00000000eb600000,0x00000000f9800000,0x00000000f9800000)
  from space 36864K, 98% used [0x00000000f9800000,0x00000000fbb8a790,0x00000000fbc00000)
  to   space 54784K, 0% used [0x00000000fca80000,0x00000000fca80000,0x0000000100000000)
 ParOldGen       total 160768K, used 109457K [0x00000000c2200000, 0x00000000cbf00000, 0x00000000eb600000)
  object space 160768K, 68% used [0x00000000c2200000,0x00000000c8ce44d8,0x00000000cbf00000)
 Metaspace       used 91961K, capacity 94180K, committed 94336K, reserved 1132544K
  class space    used 10913K, capacity 11333K, committed 11392K, reserved 1048576K
Event: 1010.597 GC heap after
Heap after GC invocations=38 (full 4):
 PSYoungGen      total 284672K, used 28902K [0x00000000eb600000, 0x0000000100000000, 0x0000000100000000)
  eden space 229888K, 0% used [0x00000000eb600000,0x00000000eb600000,0x00000000f9680000)
  from space 54784K, 52% used [0x00000000fca80000,0x00000000fe6b9810,0x0000000100000000)
  to   space 53248K, 0% used [0x00000000f9680000,0x00000000f9680000,0x00000000fca80000)
 ParOldGen       total 160768K, used 109465K [0x00000000c2200000, 0x00000000cbf00000, 0x00000000eb600000)
  object space 160768K, 68% used [0x00000000c2200000,0x00000000c8ce64d8,0x00000000cbf00000)
 Metaspace       used 91961K, capacity 94180K, committed 94336K, reserved 1132544K
  class space    used 10913K, capacity 11333K, committed 11392K, reserved 1048576K
}
Event: 1010.598 GC heap before
{Heap before GC invocations=39 (full 5):
 PSYoungGen      total 284672K, used 28902K [0x00000000eb600000, 0x0000000100000000, 0x0000000100000000)
  eden space 229888K, 0% used [0x00000000eb600000,0x00000000eb600000,0x00000000f9680000)
  from space 54784K, 52% used [0x00000000fca80000,0x00000000fe6b9810,0x0000000100000000)
  to   space 53248K, 0% used [0x00000000f9680000,0x00000000f9680000,0x00000000fca80000)
 ParOldGen       total 160768K, used 109465K [0x00000000c2200000, 0x00000000cbf00000, 0x00000000eb600000)
  object space 160768K, 68% used [0x00000000c2200000,0x00000000c8ce64d8,0x00000000cbf00000)
 Metaspace       used 91961K, capacity 94180K, committed 94336K, reserved 1132544K
  class space    used 10913K, capacity 11333K, committed 11392K, reserved 1048576K
Event: 1021.741 GC heap after
Heap after GC invocations=39 (full 5):
 PSYoungGen      total 284672K, used 0K [0x00000000eb600000, 0x0000000100000000, 0x0000000100000000)
  eden space 229888K, 0% used [0x00000000eb600000,0x00000000eb600000,0x00000000f9680000)
  from space 54784K, 0% used [0x00000000fca80000,0x00000000fca80000,0x0000000100000000)
  to   space 53248K, 0% used [0x00000000f9680000,0x00000000f9680000,0x00000000fca80000)
 ParOldGen       total 160768K, used 103592K [0x00000000c2200000, 0x00000000cbf00000, 0x00000000eb600000)
  object space 160768K, 64% used [0x00000000c2200000,0x00000000c872a1a8,0x00000000cbf00000)
 Metaspace       used 91354K, capacity 93172K, committed 94336K, reserved 1132544K
  class space    used 10816K, capacity 11159K, committed 11392K, reserved 1048576K
}

